#
# There is insufficient memory for the Java Runtime Environment to continue.
# Native memory allocation (mmap) failed to map 78643200 bytes for committing reserved memory.
# Possible reasons:
#   The system is out of physical RAM or swap space
#   In 32 bit mode, the process size limit was hit
# Possible solutions:
#   Reduce memory load on the system
#   Increase physical memory or swap space
#   Check if swap backing store is full
#   Use 64 bit Java on a 64 bit OS
#   Decrease Java heap size (-Xmx/-Xms)
#   Decrease number of Java threads
#   Decrease Java thread stack sizes (-Xss)
#   Set larger code cache with -XX:ReservedCodeCacheSize=
# This output file may be truncated or incomplete.
#
#  Out of Memory Error (os_linux.cpp:2743), pid=82179, tid=0x00007fd5f9341700
#
# JRE version: Java(TM) SE Runtime Environment (8.0_191-b12) (build 1.8.0_191-b12)
# Java VM: Java HotSpot(TM) 64-Bit Server VM (25.191-b12 mixed mode linux-amd64 compressed oops)
# Failed to write core dump. Core dumps have been disabled. To enable core dumping, try "ulimit -c unlimited" before starting Java again
#

---------------  T H R E A D  ---------------

Current thread (0x00007fd6281c9800):  VMThread [stack: 0x00007fd5f9241000,0x00007fd5f9342000] [id=82193]

Stack: [0x00007fd5f9241000,0x00007fd5f9342000],  sp=0x00007fd5f9340490,  free space=1021k
Native frames: (J=compiled Java code, j=interpreted, Vv=VM code, C=native code)
V  [libjvm.so+0xace425]  VMError::report_and_die()+0x2c5
V  [libjvm.so+0x4deb77]  report_vm_out_of_memory(char const*, int, unsigned long, VMErrorType, char const*)+0x67
V  [libjvm.so+0x90c570]  os::pd_commit_memory(char*, unsigned long, unsigned long, bool)+0x100
V  [libjvm.so+0x903eaf]  os::commit_memory(char*, unsigned long, unsigned long, bool)+0x1f
V  [libjvm.so+0x988346]  PSVirtualSpace::expand_by(unsigned long)+0x56
V  [libjvm.so+0x9895d8]  PSYoungGen::resize(unsigned long, unsigned long)+0xd8
V  [libjvm.so+0x985d66]  PSScavenge::invoke_no_policy()+0x1356
V  [libjvm.so+0x98610c]  PSScavenge::invoke()+0x4c
V  [libjvm.so+0x935fb8]  ParallelScavengeHeap::failed_mem_allocate(unsigned long)+0x68
V  [libjvm.so+0xacff53]  VM_ParallelGCFailedAllocation::doit()+0x93
V  [libjvm.so+0xad50f6]  VM_Operation::evaluate()+0x46
V  [libjvm.so+0xad347d]  VMThread::evaluate_operation(VM_Operation*) [clone .constprop.44]+0xcd
V  [libjvm.so+0xad3a3b]  VMThread::loop()+0x37b
V  [libjvm.so+0xad3de8]  VMThread::run()+0x78
V  [libjvm.so+0x909c92]  java_start(Thread*)+0x102

VM_Operation (0x00007fd630af65f0): ParallelGCFailedAllocation, mode: safepoint, requested by thread 0x00007fd62800c000


---------------  P R O C E S S  ---------------

Java Threads: ( => current thread )
  0x00007fd62824a000 JavaThread "Service Thread" daemon [_thread_blocked, id=82202, stack(0x00007fd5cfeff000,0x00007fd5d0000000)]
  0x00007fd62823d000 JavaThread "C1 CompilerThread3" daemon [_thread_blocked, id=82201, stack(0x00007fd5f807a000,0x00007fd5f817b000)]
  0x00007fd628234800 JavaThread "C2 CompilerThread2" daemon [_thread_blocked, id=82200, stack(0x00007fd5f817b000,0x00007fd5f827c000)]
  0x00007fd628232800 JavaThread "C2 CompilerThread1" daemon [_thread_blocked, id=82199, stack(0x00007fd5f827c000,0x00007fd5f837d000)]
  0x00007fd628231000 JavaThread "C2 CompilerThread0" daemon [_thread_blocked, id=82198, stack(0x00007fd5f837d000,0x00007fd5f847e000)]
  0x00007fd628239800 JavaThread "Monitor Ctrl-Break" daemon [_thread_in_native, id=82197, stack(0x00007fd5f847e000,0x00007fd5f857f000)]
  0x00007fd628208800 JavaThread "Signal Dispatcher" daemon [_thread_blocked, id=82196, stack(0x00007fd5f857f000,0x00007fd5f8680000)]
  0x00007fd6281d5800 JavaThread "Finalizer" daemon [_thread_blocked, id=82195, stack(0x00007fd5f903f000,0x00007fd5f9140000)]
  0x00007fd6281d3000 JavaThread "Reference Handler" daemon [_thread_blocked, id=82194, stack(0x00007fd5f9140000,0x00007fd5f9241000)]
  0x00007fd62800c000 JavaThread "main" [_thread_blocked, id=82184, stack(0x00007fd6309fa000,0x00007fd630afb000)]

Other Threads:
=>0x00007fd6281c9800 VMThread [stack: 0x00007fd5f9241000,0x00007fd5f9342000] [id=82193]
  0x00007fd62824c800 WatcherThread [stack: 0x00007fd5ccbe6000,0x00007fd5ccce7000] [id=82203]

VM state:at safepoint (normal execution)

VM Mutex/Monitor currently owned by a thread:  ([mutex/lock_event])
[0x00007fd628008540] Threads_lock - owner thread: 0x00007fd6281c9800
[0x00007fd628008a40] Heap_lock - owner thread: 0x00007fd62800c000

Heap:
 PSYoungGen      total 66048K, used 2528K [0x00000000eb900000, 0x00000000efc00000, 0x0000000100000000)
  eden space 63488K, 0% used [0x00000000eb900000,0x00000000eb900000,0x00000000ef700000)
  from space 2560K, 98% used [0x00000000ef700000,0x00000000ef978040,0x00000000ef980000)
  to   space 2560K, 0% used [0x00000000ef980000,0x00000000ef980000,0x00000000efc00000)
 ParOldGen       total 42496K, used 14199K [0x00000000c2a00000, 0x00000000c5380000, 0x00000000eb900000)
  object space 42496K, 33% used [0x00000000c2a00000,0x00000000c37ddc30,0x00000000c5380000)
 Metaspace       used 16250K, capacity 16522K, committed 16768K, reserved 1064960K
  class space    used 1949K, capacity 2051K, committed 2176K, reserved 1048576K

Card table byte_map: [0x00007fd62d3a9000,0x00007fd62d595000] byte_map_base: 0x00007fd62cd94000

Marking Bits: (ParMarkBitMap*) 0x00007fd62fed1d40
 Begin Bits: [0x00007fd5fa150000, 0x00007fd5fb0a8000)
 End Bits:   [0x00007fd5fb0a8000, 0x00007fd5fc000000)

Polling page: 0x00007fd630b16000

CodeCache: size=245760Kb used=9295Kb max_used=9299Kb free=236465Kb
 bounds [0x00007fd619000000, 0x00007fd619920000, 0x00007fd628000000]
 total_blobs=3033 nmethods=2685 adapters=261
 compilation: enabled

Compilation events (10 events):
Event: 5.732 Thread 0x00007fd62823d000 nmethod 2688 0x00007fd619912b50 code [0x00007fd619912cc0, 0x00007fd619912e88]
Event: 5.732 Thread 0x00007fd62823d000 2689   !   3       sun.reflect.GeneratedMethodAccessor3::invoke (61 bytes)
Event: 5.733 Thread 0x00007fd628234800 nmethod 2686 0x00007fd619911290 code [0x00007fd619911400, 0x00007fd6199114e8]
Event: 5.733 Thread 0x00007fd62823d000 nmethod 2689 0x00007fd619911f90 code [0x00007fd619912160, 0x00007fd6199127c8]
Event: 5.733 Thread 0x00007fd62823d000 2690       1       org.apache.maven.model.building.DefaultModelBuildingRequest::getWorkspaceModelResolver (5 bytes)
Event: 5.733 Thread 0x00007fd62823d000 nmethod 2690 0x00007fd619911cd0 code [0x00007fd619911e20, 0x00007fd619911f30]
Event: 5.735 Thread 0x00007fd62823d000 2691       3       org.eclipse.aether.artifact.AbstractArtifact::copyProperties (29 bytes)
Event: 5.735 Thread 0x00007fd62823d000 nmethod 2691 0x00007fd619910750 code [0x00007fd619910920, 0x00007fd619910fd8]
Event: 5.736 Thread 0x00007fd62823d000 2692       3       org.apache.maven.model.ModelBase::setReporting (6 bytes)
Event: 5.736 Thread 0x00007fd62823d000 nmethod 2692 0x00007fd619911990 code [0x00007fd619911ae0, 0x00007fd619911c50]

GC Heap History (9 events):
Event: 2.175 GC heap before
{Heap before GC invocations=1 (full 0):
 PSYoungGen      total 18432K, used 15872K [0x00000000eb900000, 0x00000000ecd80000, 0x0000000100000000)
  eden space 15872K, 100% used [0x00000000eb900000,0x00000000ec880000,0x00000000ec880000)
  from space 2560K, 0% used [0x00000000ecb00000,0x00000000ecb00000,0x00000000ecd80000)
  to   space 2560K, 0% used [0x00000000ec880000,0x00000000ec880000,0x00000000ecb00000)
 ParOldGen       total 42496K, used 0K [0x00000000c2a00000, 0x00000000c5380000, 0x00000000eb900000)
  object space 42496K, 0% used [0x00000000c2a00000,0x00000000c2a00000,0x00000000c5380000)
 Metaspace       used 6502K, capacity 6620K, committed 6784K, reserved 1056768K
  class space    used 765K, capacity 824K, committed 896K, reserved 1048576K
Event: 2.234 GC heap after
Heap after GC invocations=1 (full 0):
 PSYoungGen      total 18432K, used 2533K [0x00000000eb900000, 0x00000000edd00000, 0x0000000100000000)
  eden space 15872K, 0% used [0x00000000eb900000,0x00000000eb900000,0x00000000ec880000)
  from space 2560K, 98% used [0x00000000ec880000,0x00000000ecaf9548,0x00000000ecb00000)
  to   space 2560K, 0% used [0x00000000eda80000,0x00000000eda80000,0x00000000edd00000)
 ParOldGen       total 42496K, used 501K [0x00000000c2a00000, 0x00000000c5380000, 0x00000000eb900000)
  object space 42496K, 1% used [0x00000000c2a00000,0x00000000c2a7d4e8,0x00000000c5380000)
 Metaspace       used 6502K, capacity 6620K, committed 6784K, reserved 1056768K
  class space    used 765K, capacity 824K, committed 896K, reserved 1048576K
}
Event: 2.607 GC heap before
{Heap before GC invocations=2 (full 0):
 PSYoungGen      total 18432K, used 18405K [0x00000000eb900000, 0x00000000edd00000, 0x0000000100000000)
  eden space 15872K, 100% used [0x00000000eb900000,0x00000000ec880000,0x00000000ec880000)
  from space 2560K, 98% used [0x00000000ec880000,0x00000000ecaf9548,0x00000000ecb00000)
  to   space 2560K, 0% used [0x00000000eda80000,0x00000000eda80000,0x00000000edd00000)
 ParOldGen       total 42496K, used 501K [0x00000000c2a00000, 0x00000000c5380000, 0x00000000eb900000)
  object space 42496K, 1% used [0x00000000c2a00000,0x00000000c2a7d4e8,0x00000000c5380000)
 Metaspace       used 7944K, capacity 8156K, committed 8320K, reserved 1056768K
  class space    used 992K, capacity 1080K, committed 1152K, reserved 1048576K
Event: 2.610 GC heap after
Heap after GC invocations=2 (full 0):
 PSYoungGen      total 34304K, used 2559K [0x00000000eb900000, 0x00000000edd00000, 0x0000000100000000)
  eden space 31744K, 0% used [0x00000000eb900000,0x00000000eb900000,0x00000000ed800000)
  from space 2560K, 99% used [0x00000000eda80000,0x00000000edcffc20,0x00000000edd00000)
  to   space 2560K, 0% used [0x00000000ed800000,0x00000000ed800000,0x00000000eda80000)
 ParOldGen       total 42496K, used 983K [0x00000000c2a00000, 0x00000000c5380000, 0x00000000eb900000)
  object space 42496K, 2% used [0x00000000c2a00000,0x00000000c2af5f98,0x00000000c5380000)
 Metaspace       used 7944K, capacity 8156K, committed 8320K, reserved 1056768K
  class space    used 992K, capacity 1080K, committed 1152K, reserved 1048576K
}
Event: 3.164 GC heap before
{Heap before GC invocations=3 (full 0):
 PSYoungGen      total 34304K, used 34303K [0x00000000eb900000, 0x00000000edd00000, 0x0000000100000000)
  eden space 31744K, 100% used [0x00000000eb900000,0x00000000ed800000,0x00000000ed800000)
  from space 2560K, 99% used [0x00000000eda80000,0x00000000edcffc20,0x00000000edd00000)
  to   space 2560K, 0% used [0x00000000ed800000,0x00000000ed800000,0x00000000eda80000)
 ParOldGen       total 42496K, used 983K [0x00000000c2a00000, 0x00000000c5380000, 0x00000000eb900000)
  object space 42496K, 2% used [0x00000000c2a00000,0x00000000c2af5f98,0x00000000c5380000)
 Metaspace       used 11412K, capacity 11624K, committed 11776K, reserved 1058816K
  class space    used 1433K, capacity 1508K, committed 1536K, reserved 1048576K
Event: 3.171 GC heap after
Heap after GC invocations=3 (full 0):
 PSYoungGen      total 34304K, used 2544K [0x00000000eb900000, 0x00000000efc00000, 0x0000000100000000)
  eden space 31744K, 0% used [0x00000000eb900000,0x00000000eb900000,0x00000000ed800000)
  from space 2560K, 99% used [0x00000000ed800000,0x00000000eda7c010,0x00000000eda80000)
  to   space 2560K, 0% used [0x00000000ef980000,0x00000000ef980000,0x00000000efc00000)
 ParOldGen       total 42496K, used 4927K [0x00000000c2a00000, 0x00000000c5380000, 0x00000000eb900000)
  object space 42496K, 11% used [0x00000000c2a00000,0x00000000c2ecffa0,0x00000000c5380000)
 Metaspace       used 11412K, capacity 11624K, committed 11776K, reserved 1058816K
  class space    used 1433K, capacity 1508K, committed 1536K, reserved 1048576K
}
Event: 4.258 GC heap before
{Heap before GC invocations=4 (full 0):
 PSYoungGen      total 34304K, used 34288K [0x00000000eb900000, 0x00000000efc00000, 0x0000000100000000)
  eden space 31744K, 100% used [0x00000000eb900000,0x00000000ed800000,0x00000000ed800000)
  from space 2560K, 99% used [0x00000000ed800000,0x00000000eda7c010,0x00000000eda80000)
  to   space 2560K, 0% used [0x00000000ef980000,0x00000000ef980000,0x00000000efc00000)
 ParOldGen       total 42496K, used 4927K [0x00000000c2a00000, 0x00000000c5380000, 0x00000000eb900000)
  object space 42496K, 11% used [0x00000000c2a00000,0x00000000c2ecffa0,0x00000000c5380000)
 Metaspace       used 14863K, capacity 15126K, committed 15360K, reserved 1062912K
  class space    used 1827K, capacity 1937K, committed 2048K, reserved 1048576K
Event: 4.267 GC heap after
Heap after GC invocations=4 (full 0):
 PSYoungGen      total 66048K, used 2544K [0x00000000eb900000, 0x00000000efc00000, 0x0000000100000000)
  eden space 63488K, 0% used [0x00000000eb900000,0x00000000eb900000,0x00000000ef700000)
  from space 2560K, 99% used [0x00000000ef980000,0x00000000efbfc030,0x00000000efc00000)
  to   space 2560K, 0% used [0x00000000ef700000,0x00000000ef700000,0x00000000ef980000)
 ParOldGen       total 42496K, used 9400K [0x00000000c2a00000, 0x00000000c5380000, 0x00000000eb900000)
  object space 42496K, 22% used [0x00000000c2a00000,0x00000000c332e190,0x00000000c5380000)
 Metaspace       used 14863K, capacity 15126K, committed 15360K, reserved 1062912K
  class space    used 1827K, capacity 1937K, committed 2048K, reserved 1048576K
}
Event: 5.736 GC heap before
{Heap before GC invocations=5 (full 0):
 PSYoungGen      total 66048K, used 66032K [0x00000000eb900000, 0x00000000efc00000, 0x0000000100000000)
  eden space 63488K, 100% used [0x00000000eb900000,0x00000000ef700000,0x00000000ef700000)
  from space 2560K, 99% used [0x00000000ef980000,0x00000000efbfc030,0x00000000efc00000)
  to   space 2560K, 0% used [0x00000000ef700000,0x00000000ef700000,0x00000000ef980000)
 ParOldGen       total 42496K, used 9400K [0x00000000c2a00000, 0x00000000c5380000, 0x00000000eb900000)
  object space 42496K, 22% used [0x00000000c2a00000,0x00000000c332e190,0x00000000c5380000)
 Metaspace       used 16250K, capacity 16522K, committed 16768K, reserved 1064960K
  class space    used 1949K, capacity 2051K, committed 2176K, reserved 1048576K

Deoptimization events (10 events):
Event: 4.575 Thread 0x00007fd62800c000 Uncommon trap: reason=class_check action=maybe_recompile pc=0x00007fd61969b8a8 method=org.apache.maven.model.interpolation.StringSearchModelInterpolator$InterpolateObjectAction$MapField.doInterpolate(Ljava/lang/Object;Lorg/apache/maven/model/interpolation
Event: 4.642 Thread 0x00007fd62800c000 Uncommon trap: reason=unstable_if action=reinterpret pc=0x00007fd619235860 method=java.util.HashMap.getNode(ILjava/lang/Object;)Ljava/util/HashMap$Node; @ 53
Event: 4.725 Thread 0x00007fd62800c000 Uncommon trap: reason=bimorphic action=maybe_recompile pc=0x00007fd619563b88 method=java.util.concurrent.ConcurrentHashMap.get(Ljava/lang/Object;)Ljava/lang/Object; @ 149
Event: 4.863 Thread 0x00007fd62800c000 Uncommon trap: reason=speculate_class_check action=maybe_recompile pc=0x00007fd61977ada0 method=java.nio.charset.CharsetDecoder.decode(Ljava/nio/ByteBuffer;Ljava/nio/CharBuffer;Z)Ljava/nio/charset/CoderResult; @ 57
Event: 4.864 Thread 0x00007fd62800c000 Uncommon trap: reason=speculate_class_check action=maybe_recompile pc=0x00007fd61977ada0 method=java.nio.charset.CharsetDecoder.decode(Ljava/nio/ByteBuffer;Ljava/nio/CharBuffer;Z)Ljava/nio/charset/CoderResult; @ 57
Event: 4.915 Thread 0x00007fd62800c000 Uncommon trap: reason=unstable_if action=reinterpret pc=0x00007fd6195bfc1c method=java.util.LinkedHashMap.afterNodeInsertion(Z)V @ 18
Event: 5.443 Thread 0x00007fd62800c000 Uncommon trap: reason=bimorphic action=maybe_recompile pc=0x00007fd6195b5564 method=java.util.regex.Pattern$CharProperty.match(Ljava/util/regex/Matcher;ILjava/lang/CharSequence;)Z @ 37
Event: 5.646 Thread 0x00007fd62800c000 Uncommon trap: reason=bimorphic action=maybe_recompile pc=0x00007fd619563b88 method=java.util.concurrent.ConcurrentHashMap.get(Ljava/lang/Object;)Ljava/lang/Object; @ 149
Event: 5.650 Thread 0x00007fd62800c000 Uncommon trap: reason=bimorphic action=maybe_recompile pc=0x00007fd619563b88 method=java.util.concurrent.ConcurrentHashMap.get(Ljava/lang/Object;)Ljava/lang/Object; @ 149
Event: 5.668 Thread 0x00007fd62800c000 Uncommon trap: reason=bimorphic action=maybe_recompile pc=0x00007fd619563b88 method=java.util.concurrent.ConcurrentHashMap.get(Ljava/lang/Object;)Ljava/lang/Object; @ 149

Classes redefined (0 events):
No events

Internal exceptions (10 events):
Event: 3.723 Thread 0x00007fd62800c000 Implicit null exception at 0x00007fd6191a8f1b to 0x00007fd6191a90d1
Event: 3.801 Thread 0x00007fd62800c000 Exception <a 'java/lang/NullPointerException'> (0x00000000ec836770) thrown at [/HUDSON/workspace/8-2-build-linux-amd64/jdk8u191/11894/hotspot/src/share/vm/interpreter/linkResolver.cpp, line 1185]
Event: 3.801 Thread 0x00007fd62800c000 Exception <a 'java/lang/NullPointerException'> (0x00000000ec836988) thrown at [/HUDSON/workspace/8-2-build-linux-amd64/jdk8u191/11894/hotspot/src/share/vm/interpreter/linkResolver.cpp, line 1185]
Event: 3.801 Thread 0x00007fd62800c000 Exception <a 'java/lang/NullPointerException'> (0x00000000ec836ba0) thrown at [/HUDSON/workspace/8-2-build-linux-amd64/jdk8u191/11894/hotspot/src/share/vm/interpreter/linkResolver.cpp, line 1185]
Event: 3.801 Thread 0x00007fd62800c000 Exception <a 'java/lang/NullPointerException'> (0x00000000ec850c70) thrown at [/HUDSON/workspace/8-2-build-linux-amd64/jdk8u191/11894/hotspot/src/share/vm/interpreter/linkResolver.cpp, line 1185]
Event: 3.801 Thread 0x00007fd62800c000 Exception <a 'java/lang/NullPointerException'> (0x00000000ec850e88) thrown at [/HUDSON/workspace/8-2-build-linux-amd64/jdk8u191/11894/hotspot/src/share/vm/interpreter/linkResolver.cpp, line 1185]
Event: 3.801 Thread 0x00007fd62800c000 Exception <a 'java/lang/NullPointerException'> (0x00000000ec8510a0) thrown at [/HUDSON/workspace/8-2-build-linux-amd64/jdk8u191/11894/hotspot/src/share/vm/interpreter/linkResolver.cpp, line 1185]
Event: 4.142 Thread 0x00007fd62800c000 Implicit null exception at 0x00007fd6192a3335 to 0x00007fd6192a3519
Event: 4.143 Thread 0x00007fd62800c000 Implicit null exception at 0x00007fd6193095af to 0x00007fd619309619
Event: 4.207 Thread 0x00007fd62800c000 Implicit null exception at 0x00007fd6195e4181 to 0x00007fd6195e4b7d

Events (10 events):
Event: 5.646 Thread 0x00007fd62800c000 Uncommon trap: trap_request=0xffffffc6 fr.pc=0x00007fd619563b88
Event: 5.646 Thread 0x00007fd62800c000 DEOPT PACKING pc=0x00007fd619563b88 sp=0x00007fd630af69b0
Event: 5.646 Thread 0x00007fd62800c000 DEOPT UNPACKING pc=0x00007fd61904573a sp=0x00007fd630af6938 mode 2
Event: 5.650 Thread 0x00007fd62800c000 Uncommon trap: trap_request=0xffffffc6 fr.pc=0x00007fd619563b88
Event: 5.650 Thread 0x00007fd62800c000 DEOPT PACKING pc=0x00007fd619563b88 sp=0x00007fd630af6e30
Event: 5.650 Thread 0x00007fd62800c000 DEOPT UNPACKING pc=0x00007fd61904573a sp=0x00007fd630af6db8 mode 2
Event: 5.668 Thread 0x00007fd62800c000 Uncommon trap: trap_request=0xffffffc6 fr.pc=0x00007fd619563b88
Event: 5.669 Thread 0x00007fd62800c000 DEOPT PACKING pc=0x00007fd619563b88 sp=0x00007fd630af6e30
Event: 5.669 Thread 0x00007fd62800c000 DEOPT UNPACKING pc=0x00007fd61904573a sp=0x00007fd630af6db8 mode 2
Event: 5.736 Executing VM operation: ParallelGCFailedAllocation


Dynamic libraries:
00400000-00401000 r-xp 00000000 08:01 11802219                           /usr/lib/jvm/java-8-oracle/bin/java
00600000-00601000 r--p 00000000 08:01 11802219                           /usr/lib/jvm/java-8-oracle/bin/java
00601000-00602000 rw-p 00001000 08:01 11802219                           /usr/lib/jvm/java-8-oracle/bin/java
02121000-02142000 rw-p 00000000 00:00 0                                  [heap]
c2a00000-c5380000 rw-p 00000000 00:00 0 
c5380000-eb900000 ---p 00000000 00:00 0 
eb900000-efc00000 rw-p 00000000 00:00 0 
f4700000-100000000 ---p 00000000 00:00 0 
100000000-100220000 rw-p 00000000 00:00 0 
100220000-140000000 ---p 00000000 00:00 0 
7fd5c0000000-7fd5c0021000 rw-p 00000000 00:00 0 
7fd5c0021000-7fd5c4000000 ---p 00000000 00:00 0 
7fd5c8000000-7fd5c8021000 rw-p 00000000 00:00 0 
7fd5c8021000-7fd5cc000000 ---p 00000000 00:00 0 
7fd5cc1d4000-7fd5cc214000 rw-p 00000000 00:00 0 
7fd5cc214000-7fd5cc3d4000 ---p 00000000 00:00 0 
7fd5cc3d4000-7fd5cc3e5000 r-xp 00000000 08:01 12064693                   /usr/lib/jvm/java-8-oracle/jre/lib/amd64/libnio.so
7fd5cc3e5000-7fd5cc5e4000 ---p 00011000 08:01 12064693                   /usr/lib/jvm/java-8-oracle/jre/lib/amd64/libnio.so
7fd5cc5e4000-7fd5cc5e5000 r--p 00010000 08:01 12064693                   /usr/lib/jvm/java-8-oracle/jre/lib/amd64/libnio.so
7fd5cc5e5000-7fd5cc5e6000 rw-p 00011000 08:01 12064693                   /usr/lib/jvm/java-8-oracle/jre/lib/amd64/libnio.so
7fd5cc5e6000-7fd5cc7e6000 rw-p 00000000 00:00 0 
7fd5cc7e6000-7fd5cc9e6000 rw-p 00000000 00:00 0 
7fd5cc9e6000-7fd5ccbe6000 rw-p 00000000 00:00 0 
7fd5ccbe6000-7fd5ccbe7000 ---p 00000000 00:00 0 
7fd5ccbe7000-7fd5cfce8000 rw-p 00000000 00:00 0 
7fd5cfce8000-7fd5cfcfe000 r-xp 00000000 08:01 12064690                   /usr/lib/jvm/java-8-oracle/jre/lib/amd64/libnet.so
7fd5cfcfe000-7fd5cfefd000 ---p 00016000 08:01 12064690                   /usr/lib/jvm/java-8-oracle/jre/lib/amd64/libnet.so
7fd5cfefd000-7fd5cfefe000 r--p 00015000 08:01 12064690                   /usr/lib/jvm/java-8-oracle/jre/lib/amd64/libnet.so
7fd5cfefe000-7fd5cfeff000 rw-p 00016000 08:01 12064690                   /usr/lib/jvm/java-8-oracle/jre/lib/amd64/libnet.so
7fd5cfeff000-7fd5cff02000 ---p 00000000 00:00 0 
7fd5cff02000-7fd5d0000000 rw-p 00000000 00:00 0 
7fd5d0000000-7fd5d10df000 rw-p 00000000 00:00 0 
7fd5d10df000-7fd5d4000000 ---p 00000000 00:00 0 
7fd5d4000000-7fd5d4efb000 rw-p 00000000 00:00 0 
7fd5d4efb000-7fd5d8000000 ---p 00000000 00:00 0 
7fd5d8000000-7fd5d951f000 rw-p 00000000 00:00 0 
7fd5d951f000-7fd5dc000000 ---p 00000000 00:00 0 
7fd5dc000000-7fd5dd096000 rw-p 00000000 00:00 0 
7fd5dd096000-7fd5e0000000 ---p 00000000 00:00 0 
7fd5e0000000-7fd5e0021000 rw-p 00000000 00:00 0 
7fd5e0021000-7fd5e4000000 ---p 00000000 00:00 0 
7fd5e4000000-7fd5e4021000 rw-p 00000000 00:00 0 
7fd5e4021000-7fd5e8000000 ---p 00000000 00:00 0 
7fd5e8000000-7fd5e8021000 rw-p 00000000 00:00 0 
7fd5e8021000-7fd5ec000000 ---p 00000000 00:00 0 
7fd5ec000000-7fd5ec021000 rw-p 00000000 00:00 0 
7fd5ec021000-7fd5f0000000 ---p 00000000 00:00 0 
7fd5f0000000-7fd5f029c000 rw-p 00000000 00:00 0 
7fd5f029c000-7fd5f4000000 ---p 00000000 00:00 0 
7fd5f4000000-7fd5f4021000 rw-p 00000000 00:00 0 
7fd5f4021000-7fd5f8000000 ---p 00000000 00:00 0 
7fd5f807a000-7fd5f807d000 ---p 00000000 00:00 0 
7fd5f807d000-7fd5f817b000 rw-p 00000000 00:00 0 
7fd5f817b000-7fd5f817e000 ---p 00000000 00:00 0 
7fd5f817e000-7fd5f827c000 rw-p 00000000 00:00 0 
7fd5f827c000-7fd5f827f000 ---p 00000000 00:00 0 
7fd5f827f000-7fd5f837d000 rw-p 00000000 00:00 0 
7fd5f837d000-7fd5f8380000 ---p 00000000 00:00 0 
7fd5f8380000-7fd5f847e000 rw-p 00000000 00:00 0 
7fd5f847e000-7fd5f8481000 ---p 00000000 00:00 0 
7fd5f8481000-7fd5f857f000 rw-p 00000000 00:00 0 
7fd5f857f000-7fd5f8582000 ---p 00000000 00:00 0 
7fd5f8582000-7fd5f8680000 rw-p 00000000 00:00 0 
7fd5f8680000-7fd5f903f000 r--p 00000000 08:01 11803646                   /usr/lib/locale/locale-archive
7fd5f903f000-7fd5f9042000 ---p 00000000 00:00 0 
7fd5f9042000-7fd5f9140000 rw-p 00000000 00:00 0 
7fd5f9140000-7fd5f9143000 ---p 00000000 00:00 0 
7fd5f9143000-7fd5f9241000 rw-p 00000000 00:00 0 
7fd5f9241000-7fd5f9242000 ---p 00000000 00:00 0 
7fd5f9242000-7fd5fc000000 rw-p 00000000 00:00 0 
7fd5fc000000-7fd5fc021000 rw-p 00000000 00:00 0 
7fd5fc021000-7fd600000000 ---p 00000000 00:00 0 
7fd600000000-7fd600021000 rw-p 00000000 00:00 0 
7fd600021000-7fd604000000 ---p 00000000 00:00 0 
7fd604000000-7fd604021000 rw-p 00000000 00:00 0 
7fd604021000-7fd608000000 ---p 00000000 00:00 0 
7fd608000000-7fd608021000 rw-p 00000000 00:00 0 
7fd608021000-7fd60c000000 ---p 00000000 00:00 0 
7fd60c000000-7fd60c021000 rw-p 00000000 00:00 0 
7fd60c021000-7fd610000000 ---p 00000000 00:00 0 
7fd610000000-7fd610021000 rw-p 00000000 00:00 0 
7fd610021000-7fd614000000 ---p 00000000 00:00 0 
7fd614000000-7fd614021000 rw-p 00000000 00:00 0 
7fd614021000-7fd618000000 ---p 00000000 00:00 0 
7fd61802d000-7fd618030000 r--s 00011000 08:01 10356046                   /home/misaki/.m2/repository/org/codehaus/plexus/plexus-interpolation/1.24/plexus-interpolation-1.24.jar
7fd618030000-7fd618034000 r--s 0002f000 08:01 10356044                   /home/misaki/.m2/repository/commons-io/commons-io/2.5/commons-io-2.5.jar
7fd618034000-7fd618036000 r--s 00001000 08:01 10356043                   /home/misaki/.m2/repository/org/sonatype/plexus/plexus-build-api/0.0.7/plexus-build-api-0.0.7.jar
7fd618036000-7fd618038000 r--s 00006000 08:01 10355843                   /home/misaki/.m2/repository/com/google/code/findbugs/jsr305/2.0.1/jsr305-2.0.1.jar
7fd618038000-7fd61803b000 r--s 00023000 08:01 10355834                   /home/misaki/.m2/repository/org/apache/maven/shared/maven-shared-utils/3.0.0/maven-shared-utils-3.0.0.jar
7fd61803b000-7fd61803d000 r--s 0000b000 08:01 10356040                   /home/misaki/.m2/repository/org/apache/maven/shared/maven-filtering/3.1.1/maven-filtering-3.1.1.jar
7fd61803d000-7fd618041000 r--s 00039000 08:01 10356038                   /home/misaki/.m2/repository/org/codehaus/plexus/plexus-utils/3.0.24/plexus-utils-3.0.24.jar
7fd618041000-7fd618043000 r--s 00002000 08:01 10355734                   /home/misaki/.m2/repository/org/sonatype/plexus/plexus-cipher/1.4/plexus-cipher-1.4.jar
7fd618043000-7fd618044000 r--s 00006000 08:01 10355815                   /home/misaki/.m2/repository/org/sonatype/plexus/plexus-sec-dispatcher/1.3/plexus-sec-dispatcher-1.3.jar
7fd618044000-7fd618046000 r--s 00000000 08:01 10355614                   /home/misaki/.m2/repository/org/codehaus/plexus/plexus-component-annotations/1.6/plexus-component-annotations-1.6.jar
7fd618046000-7fd61804a000 r--s 00017000 08:01 10355804                   /home/misaki/.m2/repository/org/sonatype/aether/aether-util/1.7/aether-util-1.7.jar
7fd61804a000-7fd618055000 r--s 00069000 08:01 10355745                   /home/misaki/.m2/repository/org/sonatype/sisu/sisu-guice/2.1.7/sisu-guice-2.1.7-noaop.jar
7fd618055000-7fd61805a000 r--s 00021000 08:01 10355742                   /home/misaki/.m2/repository/org/sonatype/sisu/sisu-inject-bean/1.4.2/sisu-inject-bean-1.4.2.jar
7fd61805a000-7fd61805b000 r--s 00007000 08:01 10355996                   /home/misaki/.m2/repository/org/apache/maven/plugins/maven-resources-plugin/3.0.2/maven-resources-plugin-3.0.2.jar
7fd61805b000-7fd618060000 r--s 000a0000 08:01 11929033                   /usr/lib/jvm/java-8-oracle/jre/lib/jsse.jar
7fd618060000-7fd618066000 r--s 0002d000 08:01 10749761                   /home/misaki/.local/share/JetBrains/Toolbox/apps/IDEA-U/ch-0/182.4892.20/plugins/maven/lib/maven3/lib/org.eclipse.sisu.plexus-0.3.2.jar
7fd618066000-7fd61806b000 r--s 00027000 08:01 10749748                   /home/misaki/.local/share/JetBrains/Toolbox/apps/IDEA-U/ch-0/182.4892.20/plugins/maven/lib/maven3/lib/maven-model-builder-3.3.9.jar
7fd61806b000-7fd618072000 r--s 00064000 08:01 10749724                   /home/misaki/.local/share/JetBrains/Toolbox/apps/IDEA-U/ch-0/182.4892.20/plugins/maven/lib/maven3/lib/commons-lang3-3.4.jar
7fd618072000-7fd618074000 r--s 00000000 08:01 10749718                   /home/misaki/.local/share/JetBrains/Toolbox/apps/IDEA-U/ch-0/182.4892.20/plugins/maven/lib/maven3/lib/aopalliance-1.0.jar
7fd618074000-7fd618077000 r--s 0000b000 08:01 10749780                   /home/misaki/.local/share/JetBrains/Toolbox/apps/IDEA-U/ch-0/182.4892.20/plugins/maven/lib/maven3/lib/wagon-provider-api-2.10.jar
7fd618077000-7fd618078000 r--s 00006000 08:01 10749753                   /home/misaki/.local/share/JetBrains/Toolbox/apps/IDEA-U/ch-0/182.4892.20/plugins/maven/lib/maven3/lib/maven-repository-metadata-3.3.9.jar
7fd618078000-7fd6180a3000 r--s 001fc000 08:01 10749728                   /home/misaki/.local/share/JetBrains/Toolbox/apps/IDEA-U/ch-0/182.4892.20/plugins/maven/lib/maven3/lib/guava-18.0.jar
7fd6180a3000-7fd618db0000 rw-p 00000000 00:00 0 
7fd618db0000-7fd618f8a000 r--s 03d6c000 08:01 11929028                   /usr/lib/jvm/java-8-oracle/jre/lib/rt.jar
7fd618f8a000-7fd619000000 rw-p 00000000 00:00 0 
7fd619000000-7fd619920000 rwxp 00000000 00:00 0 
7fd619920000-7fd628000000 ---p 00000000 00:00 0 
7fd628000000-7fd628d8c000 rw-p 00000000 00:00 0 
7fd628d8c000-7fd62c000000 ---p 00000000 00:00 0 
7fd62c000000-7fd62c002000 r--s 00009000 08:01 10749721                   /home/misaki/.local/share/JetBrains/Toolbox/apps/IDEA-U/ch-0/182.4892.20/plugins/maven/lib/maven3/lib/commons-cli-1.2.jar
7fd62c002000-7fd62c003000 r--s 00003000 08:01 10749739                   /home/misaki/.local/share/JetBrains/Toolbox/apps/IDEA-U/ch-0/182.4892.20/plugins/maven/lib/maven3/lib/maven-builder-support-3.3.9.jar
7fd62c003000-7fd62c007000 r--s 00027000 08:01 10749710                   /home/misaki/.local/share/JetBrains/Toolbox/apps/IDEA-U/ch-0/182.4892.20/plugins/maven/lib/maven3/lib/aether-impl-1.0.2.v20150114.jar
7fd62c007000-7fd62c008000 r--s 00000000 08:01 10749730                   /home/misaki/.local/share/JetBrains/Toolbox/apps/IDEA-U/ch-0/182.4892.20/plugins/maven/lib/maven3/lib/javax.inject-1.jar
7fd62c008000-7fd62c009000 r--s 00002000 08:01 10749777                   /home/misaki/.local/share/JetBrains/Toolbox/apps/IDEA-U/ch-0/182.4892.20/plugins/maven/lib/maven3/lib/wagon-http-shared-2.10.jar
7fd62c009000-7fd62c00a000 r--s 00008000 08:01 10749708                   /home/misaki/.local/share/JetBrains/Toolbox/apps/IDEA-U/ch-0/182.4892.20/plugins/maven/lib/maven3/lib/aether-connector-basic-1.0.2.v20150114.jar
7fd62c00a000-7fd62c010000 r--s 00041000 08:01 10749741                   /home/misaki/.local/share/JetBrains/Toolbox/apps/IDEA-U/ch-0/182.4892.20/plugins/maven/lib/maven3/lib/maven-compat-3.3.9.jar
7fd62c010000-7fd62c014000 r--s 00027000 08:01 10749722                   /home/misaki/.local/share/JetBrains/Toolbox/apps/IDEA-U/ch-0/182.4892.20/plugins/maven/lib/maven3/lib/commons-io-2.2.jar
7fd62c014000-7fd62c016000 r--s 00002000 08:01 10749763                   /home/misaki/.local/share/JetBrains/Toolbox/apps/IDEA-U/ch-0/182.4892.20/plugins/maven/lib/maven3/lib/plexus-cipher-1.7.jar
7fd62c016000-7fd62c018000 r--s 00005000 08:01 10749770                   /home/misaki/.local/share/JetBrains/Toolbox/apps/IDEA-U/ch-0/182.4892.20/plugins/maven/lib/maven3/lib/slf4j-api-1.7.5.jar
7fd62c018000-7fd62c01a000 r--s 0000f000 08:01 10749735                   /home/misaki/.local/share/JetBrains/Toolbox/apps/IDEA-U/ch-0/182.4892.20/plugins/maven/lib/maven3/lib/maven-aether-provider-3.3.9.jar
7fd62c01a000-7fd62c01c000 r--s 0000a000 08:01 10749751                   /home/misaki/.local/share/JetBrains/Toolbox/apps/IDEA-U/ch-0/182.4892.20/plugins/maven/lib/maven3/lib/maven-plugin-api-3.3.9.jar
7fd62c01c000-7fd62c01d000 r--s 00002000 08:01 10749772                   /home/misaki/.local/share/JetBrains/Toolbox/apps/IDEA-U/ch-0/182.4892.20/plugins/maven/lib/maven3/lib/slf4j-simple-1.7.5.jar
7fd62c01d000-7fd62c021000 r--s 00020000 08:01 10749716                   /home/misaki/.local/share/JetBrains/Toolbox/apps/IDEA-U/ch-0/182.4892.20/plugins/maven/lib/maven3/lib/aether-util-1.0.2.v20150114.jar
7fd62c021000-7fd62c024000 r--s 0000d000 08:01 10749766                   /home/misaki/.local/share/JetBrains/Toolbox/apps/IDEA-U/ch-0/182.4892.20/plugins/maven/lib/maven3/lib/plexus-interpolation-1.21.jar
7fd62c024000-7fd62c028000 r--s 00038000 08:01 10749769                   /home/misaki/.local/share/JetBrains/Toolbox/apps/IDEA-U/ch-0/182.4892.20/plugins/maven/lib/maven3/lib/plexus-utils-3.0.22.jar
7fd62c028000-7fd62c02a000 r--s 00005000 08:01 10749714                   /home/misaki/.local/share/JetBrains/Toolbox/apps/IDEA-U/ch-0/182.4892.20/plugins/maven/lib/maven3/lib/aether-transport-wagon-1.0.2.v20150114.jar
7fd62c02a000-7fd62c02b000 r--s 00006000 08:01 10749767                   /home/misaki/.local/share/JetBrains/Toolbox/apps/IDEA-U/ch-0/182.4892.20/plugins/maven/lib/maven3/lib/plexus-sec-dispatcher-1.3.jar
7fd62c02b000-7fd62c02d000 r--s 0000c000 08:01 10749737                   /home/misaki/.local/share/JetBrains/Toolbox/apps/IDEA-U/ch-0/182.4892.20/plugins/maven/lib/maven3/lib/maven-artifact-3.3.9.jar
7fd62c02d000-7fd62c02e000 r--s 00002000 08:01 10749774                   /home/misaki/.local/share/JetBrains/Toolbox/apps/IDEA-U/ch-0/182.4892.20/plugins/maven/lib/maven3/lib/wagon-file-2.10.jar
7fd62c02e000-7fd62c037000 r--s 0005f000 08:01 10749729                   /home/misaki/.local/share/JetBrains/Toolbox/apps/IDEA-U/ch-0/182.4892.20/plugins/maven/lib/maven3/lib/guice-4.0-no_aop.jar
7fd62c037000-7fd62c039000 r--s 00009000 08:01 10749756                   /home/misaki/.local/share/JetBrains/Toolbox/apps/IDEA-U/ch-0/182.4892.20/plugins/maven/lib/maven3/lib/maven-settings-builder-3.3.9.jar
7fd62c039000-7fd62c03b000 r--s 00000000 08:01 10749765                   /home/misaki/.local/share/JetBrains/Toolbox/apps/IDEA-U/ch-0/182.4892.20/plugins/maven/lib/maven3/lib/plexus-component-annotations-1.6.jar
7fd62c03b000-7fd62c069000 r--s 001fa000 08:01 10749776                   /home/misaki/.local/share/JetBrains/Toolbox/apps/IDEA-U/ch-0/182.4892.20/plugins/maven/lib/maven3/lib/wagon-http-2.10-shaded.jar
7fd62c069000-7fd62c06e000 r--s 0001d000 08:01 10749706                   /home/misaki/.local/share/JetBrains/Toolbox/apps/IDEA-U/ch-0/182.4892.20/plugins/maven/lib/maven3/lib/aether-api-1.0.2.v20150114.jar
7fd62c06e000-7fd62ca59000 rw-p 00000000 00:00 0 
7fd62ca59000-7fd62ca5a000 ---p 00000000 00:00 0 
7fd62ca5a000-7fd62cb5a000 rw-p 00000000 00:00 0 
7fd62cb5a000-7fd62cb5b000 ---p 00000000 00:00 0 
7fd62cb5b000-7fd62cc5b000 rw-p 00000000 00:00 0 
7fd62cc5b000-7fd62cc5c000 ---p 00000000 00:00 0 
7fd62cc5c000-7fd62cd5c000 rw-p 00000000 00:00 0 
7fd62cd5c000-7fd62cd5d000 ---p 00000000 00:00 0 
7fd62cd5d000-7fd62ce5d000 rw-p 00000000 00:00 0 
7fd62ce5d000-7fd62ce5e000 ---p 00000000 00:00 0 
7fd62ce5e000-7fd62cf5e000 rw-p 00000000 00:00 0 
7fd62cf5e000-7fd62cf5f000 ---p 00000000 00:00 0 
7fd62cf5f000-7fd62d05f000 rw-p 00000000 00:00 0 
7fd62d05f000-7fd62d060000 ---p 00000000 00:00 0 
7fd62d060000-7fd62d160000 rw-p 00000000 00:00 0 
7fd62d160000-7fd62d161000 ---p 00000000 00:00 0 
7fd62d161000-7fd62d276000 rw-p 00000000 00:00 0 
7fd62d276000-7fd62d3a9000 ---p 00000000 00:00 0 
7fd62d3a9000-7fd62d3be000 rw-p 00000000 00:00 0 
7fd62d3be000-7fd62d4f0000 ---p 00000000 00:00 0 
7fd62d4f0000-7fd62d512000 rw-p 00000000 00:00 0 
7fd62d512000-7fd62d594000 ---p 00000000 00:00 0 
7fd62d594000-7fd62d5ba000 rw-p 00000000 00:00 0 
7fd62d5ba000-7fd62d955000 ---p 00000000 00:00 0 
7fd62d955000-7fd62d96f000 r-xp 00000000 08:01 12064686                   /usr/lib/jvm/java-8-oracle/jre/lib/amd64/libzip.so
7fd62d96f000-7fd62db6f000 ---p 0001a000 08:01 12064686                   /usr/lib/jvm/java-8-oracle/jre/lib/amd64/libzip.so
7fd62db6f000-7fd62db70000 r--p 0001a000 08:01 12064686                   /usr/lib/jvm/java-8-oracle/jre/lib/amd64/libzip.so
7fd62db70000-7fd62db71000 rw-p 0001b000 08:01 12064686                   /usr/lib/jvm/java-8-oracle/jre/lib/amd64/libzip.so
7fd62db71000-7fd62db7c000 r-xp 00000000 08:01 8655425                    /lib/x86_64-linux-gnu/libnss_files-2.23.so
7fd62db7c000-7fd62dd7b000 ---p 0000b000 08:01 8655425                    /lib/x86_64-linux-gnu/libnss_files-2.23.so
7fd62dd7b000-7fd62dd7c000 r--p 0000a000 08:01 8655425                    /lib/x86_64-linux-gnu/libnss_files-2.23.so
7fd62dd7c000-7fd62dd7d000 rw-p 0000b000 08:01 8655425                    /lib/x86_64-linux-gnu/libnss_files-2.23.so
7fd62dd7d000-7fd62dd83000 rw-p 00000000 00:00 0 
7fd62dd83000-7fd62dd8e000 r-xp 00000000 08:01 8655435                    /lib/x86_64-linux-gnu/libnss_nis-2.23.so
7fd62dd8e000-7fd62df8d000 ---p 0000b000 08:01 8655435                    /lib/x86_64-linux-gnu/libnss_nis-2.23.so
7fd62df8d000-7fd62df8e000 r--p 0000a000 08:01 8655435                    /lib/x86_64-linux-gnu/libnss_nis-2.23.so
7fd62df8e000-7fd62df8f000 rw-p 0000b000 08:01 8655435                    /lib/x86_64-linux-gnu/libnss_nis-2.23.so
7fd62df8f000-7fd62dfa5000 r-xp 00000000 08:01 8655419                    /lib/x86_64-linux-gnu/libnsl-2.23.so
7fd62dfa5000-7fd62e1a4000 ---p 00016000 08:01 8655419                    /lib/x86_64-linux-gnu/libnsl-2.23.so
7fd62e1a4000-7fd62e1a5000 r--p 00015000 08:01 8655419                    /lib/x86_64-linux-gnu/libnsl-2.23.so
7fd62e1a5000-7fd62e1a6000 rw-p 00016000 08:01 8655419                    /lib/x86_64-linux-gnu/libnsl-2.23.so
7fd62e1a6000-7fd62e1a8000 rw-p 00000000 00:00 0 
7fd62e1a8000-7fd62e1b0000 r-xp 00000000 08:01 8655421                    /lib/x86_64-linux-gnu/libnss_compat-2.23.so
7fd62e1b0000-7fd62e3af000 ---p 00008000 08:01 8655421                    /lib/x86_64-linux-gnu/libnss_compat-2.23.so
7fd62e3af000-7fd62e3b0000 r--p 00007000 08:01 8655421                    /lib/x86_64-linux-gnu/libnss_compat-2.23.so
7fd62e3b0000-7fd62e3b1000 rw-p 00008000 08:01 8655421                    /lib/x86_64-linux-gnu/libnss_compat-2.23.so
7fd62e3b1000-7fd62e3bb000 r-xp 00000000 08:01 12064695                   /usr/lib/jvm/java-8-oracle/jre/lib/amd64/libinstrument.so
7fd62e3bb000-7fd62e5ba000 ---p 0000a000 08:01 12064695                   /usr/lib/jvm/java-8-oracle/jre/lib/amd64/libinstrument.so
7fd62e5ba000-7fd62e5bb000 r--p 00009000 08:01 12064695                   /usr/lib/jvm/java-8-oracle/jre/lib/amd64/libinstrument.so
7fd62e5bb000-7fd62e5bc000 rw-p 0000a000 08:01 12064695                   /usr/lib/jvm/java-8-oracle/jre/lib/amd64/libinstrument.so
7fd62e5bc000-7fd62e5e9000 r-xp 00000000 08:01 12064680                   /usr/lib/jvm/java-8-oracle/jre/lib/amd64/libjava.so
7fd62e5e9000-7fd62e7e8000 ---p 0002d000 08:01 12064680                   /usr/lib/jvm/java-8-oracle/jre/lib/amd64/libjava.so
7fd62e7e8000-7fd62e7e9000 r--p 0002c000 08:01 12064680                   /usr/lib/jvm/java-8-oracle/jre/lib/amd64/libjava.so
7fd62e7e9000-7fd62e7eb000 rw-p 0002d000 08:01 12064680                   /usr/lib/jvm/java-8-oracle/jre/lib/amd64/libjava.so
7fd62e7eb000-7fd62e7f8000 r-xp 00000000 08:01 12064685                   /usr/lib/jvm/java-8-oracle/jre/lib/amd64/libverify.so
7fd62e7f8000-7fd62e9f7000 ---p 0000d000 08:01 12064685                   /usr/lib/jvm/java-8-oracle/jre/lib/amd64/libverify.so
7fd62e9f7000-7fd62e9f9000 r--p 0000c000 08:01 12064685                   /usr/lib/jvm/java-8-oracle/jre/lib/amd64/libverify.so
7fd62e9f9000-7fd62e9fa000 rw-p 0000e000 08:01 12064685                   /usr/lib/jvm/java-8-oracle/jre/lib/amd64/libverify.so
7fd62e9fa000-7fd62ea01000 r-xp 00000000 08:01 8655480                    /lib/x86_64-linux-gnu/librt-2.23.so
7fd62ea01000-7fd62ec00000 ---p 00007000 08:01 8655480                    /lib/x86_64-linux-gnu/librt-2.23.so
7fd62ec00000-7fd62ec01000 r--p 00006000 08:01 8655480                    /lib/x86_64-linux-gnu/librt-2.23.so
7fd62ec01000-7fd62ec02000 rw-p 00007000 08:01 8655480                    /lib/x86_64-linux-gnu/librt-2.23.so
7fd62ec02000-7fd62ed0a000 r-xp 00000000 08:01 8655396                    /lib/x86_64-linux-gnu/libm-2.23.so
7fd62ed0a000-7fd62ef09000 ---p 00108000 08:01 8655396                    /lib/x86_64-linux-gnu/libm-2.23.so
7fd62ef09000-7fd62ef0a000 r--p 00107000 08:01 8655396                    /lib/x86_64-linux-gnu/libm-2.23.so
7fd62ef0a000-7fd62ef0b000 rw-p 00108000 08:01 8655396                    /lib/x86_64-linux-gnu/libm-2.23.so
7fd62ef0b000-7fd62fbed000 r-xp 00000000 08:01 12064662                   /usr/lib/jvm/java-8-oracle/jre/lib/amd64/server/libjvm.so
7fd62fbed000-7fd62fded000 ---p 00ce2000 08:01 12064662                   /usr/lib/jvm/java-8-oracle/jre/lib/amd64/server/libjvm.so
7fd62fded000-7fd62fe83000 r--p 00ce2000 08:01 12064662                   /usr/lib/jvm/java-8-oracle/jre/lib/amd64/server/libjvm.so
7fd62fe83000-7fd62feb4000 rw-p 00d78000 08:01 12064662                   /usr/lib/jvm/java-8-oracle/jre/lib/amd64/server/libjvm.so
7fd62feb4000-7fd62feef000 rw-p 00000000 00:00 0 
7fd62feef000-7fd6300af000 r-xp 00000000 08:01 8655326                    /lib/x86_64-linux-gnu/libc-2.23.so
7fd6300af000-7fd6302af000 ---p 001c0000 08:01 8655326                    /lib/x86_64-linux-gnu/libc-2.23.so
7fd6302af000-7fd6302b3000 r--p 001c0000 08:01 8655326                    /lib/x86_64-linux-gnu/libc-2.23.so
7fd6302b3000-7fd6302b5000 rw-p 001c4000 08:01 8655326                    /lib/x86_64-linux-gnu/libc-2.23.so
7fd6302b5000-7fd6302b9000 rw-p 00000000 00:00 0 
7fd6302b9000-7fd6302bc000 r-xp 00000000 08:01 8655350                    /lib/x86_64-linux-gnu/libdl-2.23.so
7fd6302bc000-7fd6304bb000 ---p 00003000 08:01 8655350                    /lib/x86_64-linux-gnu/libdl-2.23.so
7fd6304bb000-7fd6304bc000 r--p 00002000 08:01 8655350                    /lib/x86_64-linux-gnu/libdl-2.23.so
7fd6304bc000-7fd6304bd000 rw-p 00003000 08:01 8655350                    /lib/x86_64-linux-gnu/libdl-2.23.so
7fd6304bd000-7fd6304d4000 r-xp 00000000 08:01 11808381                   /usr/lib/jvm/java-8-oracle/lib/amd64/jli/libjli.so
7fd6304d4000-7fd6306d3000 ---p 00017000 08:01 11808381                   /usr/lib/jvm/java-8-oracle/lib/amd64/jli/libjli.so
7fd6306d3000-7fd6306d4000 r--p 00016000 08:01 11808381                   /usr/lib/jvm/java-8-oracle/lib/amd64/jli/libjli.so
7fd6306d4000-7fd6306d5000 rw-p 00017000 08:01 11808381                   /usr/lib/jvm/java-8-oracle/lib/amd64/jli/libjli.so
7fd6306d5000-7fd6306ed000 r-xp 00000000 08:01 8655472                    /lib/x86_64-linux-gnu/libpthread-2.23.so
7fd6306ed000-7fd6308ec000 ---p 00018000 08:01 8655472                    /lib/x86_64-linux-gnu/libpthread-2.23.so
7fd6308ec000-7fd6308ed000 r--p 00017000 08:01 8655472                    /lib/x86_64-linux-gnu/libpthread-2.23.so
7fd6308ed000-7fd6308ee000 rw-p 00018000 08:01 8655472                    /lib/x86_64-linux-gnu/libpthread-2.23.so
7fd6308ee000-7fd6308f2000 rw-p 00000000 00:00 0 
7fd6308f2000-7fd630918000 r-xp 00000000 08:01 8655298                    /lib/x86_64-linux-gnu/ld-2.23.so
7fd630918000-7fd630919000 r--s 00001000 08:01 10749733                   /home/misaki/.local/share/JetBrains/Toolbox/apps/IDEA-U/ch-0/182.4892.20/plugins/maven/lib/maven3/lib/jsr250-api-1.0.jar
7fd630919000-7fd630921000 r--s 00055000 08:01 10749759                   /home/misaki/.local/share/JetBrains/Toolbox/apps/IDEA-U/ch-0/182.4892.20/plugins/maven/lib/maven3/lib/org.eclipse.sisu.inject-0.3.2.jar
7fd630921000-7fd630923000 r--s 00006000 08:01 10749712                   /home/misaki/.local/share/JetBrains/Toolbox/apps/IDEA-U/ch-0/182.4892.20/plugins/maven/lib/maven3/lib/aether-spi-1.0.2.v20150114.jar
7fd630923000-7fd630924000 r--s 0000a000 08:01 10749755                   /home/misaki/.local/share/JetBrains/Toolbox/apps/IDEA-U/ch-0/182.4892.20/plugins/maven/lib/maven3/lib/maven-settings-3.3.9.jar
7fd630924000-7fd630929000 r--s 00041000 08:01 10749723                   /home/misaki/.local/share/JetBrains/Toolbox/apps/IDEA-U/ch-0/182.4892.20/plugins/maven/lib/maven3/lib/commons-lang-2.6.jar
7fd630929000-7fd630936000 r--s 0008f000 08:01 10749743                   /home/misaki/.local/share/JetBrains/Toolbox/apps/IDEA-U/ch-0/182.4892.20/plugins/maven/lib/maven3/lib/maven-core-3.3.9.jar
7fd630936000-7fd63093c000 r--s 00042000 08:01 10749731                   /home/misaki/.local/share/JetBrains/Toolbox/apps/IDEA-U/ch-0/182.4892.20/plugins/maven/lib/maven3/lib/jsoup-1.7.2.jar
7fd63093c000-7fd6309fa000 rw-p 00000000 00:00 0 
7fd6309fa000-7fd6309fd000 ---p 00000000 00:00 0 
7fd6309fd000-7fd630b00000 rw-p 00000000 00:00 0 
7fd630b00000-7fd630b03000 r--s 00026000 08:01 10749747                   /home/misaki/.local/share/JetBrains/Toolbox/apps/IDEA-U/ch-0/182.4892.20/plugins/maven/lib/maven3/lib/maven-model-3.3.9.jar
7fd630b03000-7fd630b06000 r--s 00013000 08:01 10749745                   /home/misaki/.local/share/JetBrains/Toolbox/apps/IDEA-U/ch-0/182.4892.20/plugins/maven/lib/maven3/lib/maven-embedder-3.3.9.jar
7fd630b06000-7fd630b09000 r--s 00008000 08:01 10749719                   /home/misaki/.local/share/JetBrains/Toolbox/apps/IDEA-U/ch-0/182.4892.20/plugins/maven/lib/maven3/lib/cdi-api-1.0.jar
7fd630b09000-7fd630b0b000 r--s 0001a000 08:01 8785404                    /home/misaki/.local/share/JetBrains/Toolbox/apps/IDEA-U/ch-0/182.4892.20/lib/idea_rt.jar
7fd630b0b000-7fd630b0d000 r--s 0000b000 08:01 10749699                   /home/misaki/.local/share/JetBrains/Toolbox/apps/IDEA-U/ch-0/182.4892.20/plugins/maven/lib/maven3/boot/plexus-classworlds-2.5.2.jar
7fd630b0d000-7fd630b15000 rw-s 00000000 08:01 2492667                    /tmp/hsperfdata_misaki/82179
7fd630b15000-7fd630b16000 rw-p 00000000 00:00 0 
7fd630b16000-7fd630b17000 ---p 00000000 00:00 0 
7fd630b17000-7fd630b18000 r--p 00025000 08:01 8655298                    /lib/x86_64-linux-gnu/ld-2.23.so
7fd630b18000-7fd630b19000 rw-p 00026000 08:01 8655298                    /lib/x86_64-linux-gnu/ld-2.23.so
7fd630b19000-7fd630b1a000 rw-p 00000000 00:00 0 
7fff978cc000-7fff978ed000 rw-p 00000000 00:00 0                          [stack]
7fff97976000-7fff97979000 r--p 00000000 00:00 0                          [vvar]
7fff97979000-7fff9797b000 r-xp 00000000 00:00 0                          [vdso]
ffffffffff600000-ffffffffff601000 r-xp 00000000 00:00 0                  [vsyscall]

VM Arguments:
jvm_args: -Dmaven.multiModuleProjectDirectory=/home/misaki/IdeaProjects/MavenWeb14 -Dmaven.home=/home/misaki/.local/share/JetBrains/Toolbox/apps/IDEA-U/ch-0/182.4892.20/plugins/maven/lib/maven3 -Dclassworlds.conf=/home/misaki/.local/share/JetBrains/Toolbox/apps/IDEA-U/ch-0/182.4892.20/plugins/maven/lib/maven3/bin/m2.conf -javaagent:/home/misaki/.local/share/JetBrains/Toolbox/apps/IDEA-U/ch-0/182.4892.20/lib/idea_rt.jar=36911:/home/misaki/.local/share/JetBrains/Toolbox/apps/IDEA-U/ch-0/182.4892.20/bin -Dfile.encoding=UTF-8 
java_command: org.codehaus.classworlds.Launcher -Didea.version=2018.2.5 install
java_class_path (initial): /home/misaki/.local/share/JetBrains/Toolbox/apps/IDEA-U/ch-0/182.4892.20/plugins/maven/lib/maven3/boot/plexus-classworlds-2.5.2.jar:/home/misaki/.local/share/JetBrains/Toolbox/apps/IDEA-U/ch-0/182.4892.20/lib/idea_rt.jar
Launcher Type: SUN_STANDARD

Environment Variables:
JAVA_HOME=/usr/lib/jvm/java-8-oracle
PATH=/home/misaki/bin:/home/misaki/.local/bin:/usr/local/sbin:/usr/local/bin:/usr/sbin:/usr/bin:/sbin:/bin:/usr/games:/usr/local/games:/snap/bin:/usr/lib/jvm/java-8-oracle/bin:/usr/lib/jvm/java-8-oracle/db/bin:/usr/lib/jvm/java-8-oracle/jre/bin
SHELL=/bin/bash
DISPLAY=:0

Signal Handlers:
SIGSEGV: [libjvm.so+0xaced60], sa_mask[0]=11111111011111111101111111111110, sa_flags=SA_RESTART|SA_SIGINFO
SIGBUS: [libjvm.so+0xaced60], sa_mask[0]=11111111011111111101111111111110, sa_flags=SA_RESTART|SA_SIGINFO
SIGFPE: [libjvm.so+0x907ca0], sa_mask[0]=11111111011111111101111111111110, sa_flags=SA_RESTART|SA_SIGINFO
SIGPIPE: [libjvm.so+0x907ca0], sa_mask[0]=11111111011111111101111111111110, sa_flags=SA_RESTART|SA_SIGINFO
SIGXFSZ: [libjvm.so+0x907ca0], sa_mask[0]=11111111011111111101111111111110, sa_flags=SA_RESTART|SA_SIGINFO
SIGILL: [libjvm.so+0x907ca0], sa_mask[0]=11111111011111111101111111111110, sa_flags=SA_RESTART|SA_SIGINFO
SIGUSR1: SIG_DFL, sa_mask[0]=00000000000000000000000000000000, sa_flags=none
SIGUSR2: [libjvm.so+0x907b70], sa_mask[0]=00100000000000000000000000000000, sa_flags=SA_RESTART|SA_SIGINFO
SIGHUP: [libjvm.so+0x908190], sa_mask[0]=11111111011111111101111111111110, sa_flags=SA_RESTART|SA_SIGINFO
SIGINT: [libjvm.so+0x908190], sa_mask[0]=11111111011111111101111111111110, sa_flags=SA_RESTART|SA_SIGINFO
SIGTERM: [libjvm.so+0x908190], sa_mask[0]=11111111011111111101111111111110, sa_flags=SA_RESTART|SA_SIGINFO
SIGQUIT: [libjvm.so+0x908190], sa_mask[0]=11111111011111111101111111111110, sa_flags=SA_RESTART|SA_SIGINFO


---------------  S Y S T E M  ---------------

OS:DISTRIB_ID=Ubuntu
DISTRIB_RELEASE=16.04
DISTRIB_CODENAME=xenial
DISTRIB_DESCRIPTION="Ubuntu 16.04.5 LTS"

uname:Linux 4.15.0-36-generic #39~16.04.1-Ubuntu SMP Tue Sep 25 08:59:23 UTC 2018 x86_64
libc:glibc 2.23 NPTL 2.23 
rlimit: STACK 8192k, CORE 0k, NPROC 15453, NOFILE 1048576, AS infinity
load average:0.70 0.96 0.78

/proc/meminfo:
MemTotal:        4015664 kB
MemFree:          109432 kB
MemAvailable:      31792 kB
Buffers:            6980 kB
Cached:            42360 kB
SwapCached:         6100 kB
Active:          2636528 kB
Inactive:         642160 kB
Active(anon):    2617952 kB
Inactive(anon):   622944 kB
Active(file):      18576 kB
Inactive(file):    19216 kB
Unevictable:         160 kB
Mlocked:             160 kB
SwapTotal:       1046524 kB
SwapFree:              0 kB
Dirty:               620 kB
Writeback:             0 kB
AnonPages:       3223692 kB
Mapped:            25932 kB
Shmem:             11348 kB
Slab:             125216 kB
SReclaimable:      47888 kB
SUnreclaim:        77328 kB
KernelStack:       16560 kB
PageTables:        48408 kB
NFS_Unstable:          0 kB
Bounce:                0 kB
WritebackTmp:          0 kB
CommitLimit:     3054356 kB
Committed_AS:    8961736 kB
VmallocTotal:   34359738367 kB
VmallocUsed:           0 kB
VmallocChunk:          0 kB
HardwareCorrupted:     0 kB
AnonHugePages:         0 kB
ShmemHugePages:        0 kB
ShmemPmdMapped:        0 kB
CmaTotal:              0 kB
CmaFree:               0 kB
HugePages_Total:       0
HugePages_Free:        0
HugePages_Rsvd:        0
HugePages_Surp:        0
Hugepagesize:       2048 kB
DirectMap4k:      483136 kB
DirectMap2M:     3710976 kB
DirectMap1G:     2097152 kB

container (cgroup) information:
container_type: cgroupv1
cpu_cpuset_cpus: 0-7
cpu_memory_nodes: 0
active_processor_count: 8
cpu_quota: -1
cpu_period: 100000
cpu_shares: -1
memory_limit_in_bytes: -1
memory_and_swap_limit_in_bytes: -2
memory_soft_limit_in_bytes: -1
memory_usage_in_bytes: 3351236608
memory_max_usage_in_bytes: 1852907520


CPU:total 8 (initial active 8) (4 cores per cpu, 1 threads per core) family 6 model 60 stepping 3, cmov, cx8, fxsr, mmx, sse, sse2, sse3, ssse3, sse4.1, sse4.2, popcnt, avx, avx2, aes, clmul, erms, lzcnt, tsc, tscinvbit, bmi1, bmi2

/proc/cpuinfo:
processor	: 0
vendor_id	: GenuineIntel
cpu family	: 6
model		: 60
model name	: Intel(R) Core(TM) i7-4720HQ CPU @ 2.60GHz
stepping	: 3
microcode	: 0x24
cpu MHz		: 2593.996
cache size	: 6144 KB
physical id	: 0
siblings	: 4
core id		: 0
cpu cores	: 4
apicid		: 0
initial apicid	: 0
fpu		: yes
fpu_exception	: yes
cpuid level	: 13
wp		: yes
flags		: fpu vme de pse tsc msr pae mce cx8 apic sep mtrr pge mca cmov pat pse36 clflush mmx fxsr sse sse2 ss ht syscall nx pdpe1gb rdtscp lm constant_tsc arch_perfmon nopl xtopology tsc_reliable nonstop_tsc cpuid pni pclmulqdq ssse3 fma cx16 pcid sse4_1 sse4_2 x2apic movbe popcnt tsc_deadline_timer aes xsave avx f16c rdrand hypervisor lahf_lm abm cpuid_fault invpcid_single pti ibrs ibpb stibp fsgsbase tsc_adjust bmi1 avx2 smep bmi2 invpcid xsaveopt arat arch_capabilities
bugs		: cpu_meltdown spectre_v1 spectre_v2 spec_store_bypass l1tf
bogomips	: 5187.99
clflush size	: 64
cache_alignment	: 64
address sizes	: 43 bits physical, 48 bits virtual
power management:

processor	: 1
vendor_id	: GenuineIntel
cpu family	: 6
model		: 60
model name	: Intel(R) Core(TM) i7-4720HQ CPU @ 2.60GHz
stepping	: 3
microcode	: 0x24
cpu MHz		: 2593.996
cache size	: 6144 KB
physical id	: 0
siblings	: 4
core id		: 1
cpu cores	: 4
apicid		: 1
initial apicid	: 1
fpu		: yes
fpu_exception	: yes
cpuid level	: 13
wp		: yes
flags		: fpu vme de pse tsc msr pae mce cx8 apic sep mtrr pge mca cmov pat pse36 clflush mmx fxsr sse sse2 ss ht syscall nx pdpe1gb rdtscp lm constant_tsc arch_perfmon nopl xtopology tsc_reliable nonstop_tsc cpuid pni pclmulqdq ssse3 fma cx16 pcid sse4_1 sse4_2 x2apic movbe popcnt tsc_deadline_timer aes xsave avx f16c rdrand hypervisor lahf_lm abm cpuid_fault invpcid_single pti ibrs ibpb stibp fsgsbase tsc_adjust bmi1 avx2 smep bmi2 invpcid xsaveopt arat arch_capabilities
bugs		: cpu_meltdown spectre_v1 spectre_v2 spec_store_bypass l1tf
bogomips	: 5187.99
clflush size	: 64
cache_alignment	: 64
address sizes	: 43 bits physical, 48 bits virtual
power management:

processor	: 2
vendor_id	: GenuineIntel
cpu family	: 6
model		: 60
model name	: Intel(R) Core(TM) i7-4720HQ CPU @ 2.60GHz
stepping	: 3
microcode	: 0x24
cpu MHz		: 2593.996
cache size	: 6144 KB
physical id	: 0
siblings	: 4
core id		: 2
cpu cores	: 4
apicid		: 2
initial apicid	: 2
fpu		: yes
fpu_exception	: yes
cpuid level	: 13
wp		: yes
flags		: fpu vme de pse tsc msr pae mce cx8 apic sep mtrr pge mca cmov pat pse36 clflush mmx fxsr sse sse2 ss ht syscall nx pdpe1gb rdtscp lm constant_tsc arch_perfmon nopl xtopology tsc_reliable nonstop_tsc cpuid pni pclmulqdq ssse3 fma cx16 pcid sse4_1 sse4_2 x2apic movbe popcnt tsc_deadline_timer aes xsave avx f16c rdrand hypervisor lahf_lm abm cpuid_fault invpcid_single pti ibrs ibpb stibp fsgsbase tsc_adjust bmi1 avx2 smep bmi2 invpcid xsaveopt arat arch_capabilities
bugs		: cpu_meltdown spectre_v1 spectre_v2 spec_store_bypass l1tf
bogomips	: 5187.99
clflush size	: 64
cache_alignment	: 64
address sizes	: 43 bits physical, 48 bits virtual
power management:

processor	: 3
vendor_id	: GenuineIntel
cpu family	: 6
model		: 60
model name	: Intel(R) Core(TM) i7-4720HQ CPU @ 2.60GHz
stepping	: 3
microcode	: 0x24
cpu MHz		: 2593.996
cache size	: 6144 KB
physical id	: 0
siblings	: 4
core id		: 3
cpu cores	: 4
apicid		: 3
initial apicid	: 3
fpu		: yes
fpu_exception	: yes
cpuid level	: 13
wp		: yes
flags		: fpu vme de pse tsc msr pae mce cx8 apic sep mtrr pge mca cmov pat pse36 clflush mmx fxsr sse sse2 ss ht syscall nx pdpe1gb rdtscp lm constant_tsc arch_perfmon nopl xtopology tsc_reliable nonstop_tsc cpuid pni pclmulqdq ssse3 fma cx16 pcid sse4_1 sse4_2 x2apic movbe popcnt tsc_deadline_timer aes xsave avx f16c rdrand hypervisor lahf_lm abm cpuid_fault invpcid_single pti ibrs ibpb stibp fsgsbase tsc_adjust bmi1 avx2 smep bmi2 invpcid xsaveopt arat arch_capabilities
bugs		: cpu_meltdown spectre_v1 spectre_v2 spec_store_bypass l1tf
bogomips	: 5187.99
clflush size	: 64
cache_alignment	: 64
address sizes	: 43 bits physical, 48 bits virtual
power management:

processor	: 4
vendor_id	: GenuineIntel
cpu family	: 6
model		: 60
model name	: Intel(R) Core(TM) i7-4720HQ CPU @ 2.60GHz
stepping	: 3
microcode	: 0x24
cpu MHz		: 2593.996
cache size	: 6144 KB
physical id	: 1
siblings	: 4
core id		: 0
cpu cores	: 4
apicid		: 4
initial apicid	: 4
fpu		: yes
fpu_exception	: yes
cpuid level	: 13
wp		: yes
flags		: fpu vme de pse tsc msr pae mce cx8 apic sep mtrr pge mca cmov pat pse36 clflush mmx fxsr sse sse2 ss ht syscall nx pdpe1gb rdtscp lm constant_tsc arch_perfmon nopl xtopology tsc_reliable nonstop_tsc cpuid pni pclmulqdq ssse3 fma cx16 pcid sse4_1 sse4_2 x2apic movbe popcnt tsc_deadline_timer aes xsave avx f16c rdrand hypervisor lahf_lm abm cpuid_fault invpcid_single pti ibrs ibpb stibp fsgsbase tsc_adjust bmi1 avx2 smep bmi2 invpcid xsaveopt arat arch_capabilities
bugs		: cpu_meltdown spectre_v1 spectre_v2 spec_store_bypass l1tf
bogomips	: 5187.99
clflush size	: 64
cache_alignment	: 64
address sizes	: 43 bits physical, 48 bits virtual
power management:

processor	: 5
vendor_id	: GenuineIntel
cpu family	: 6
model		: 60
model name	: Intel(R) Core(TM) i7-4720HQ CPU @ 2.60GHz
stepping	: 3
microcode	: 0x24
cpu MHz		: 2593.996
cache size	: 6144 KB
physical id	: 1
siblings	: 4
core id		: 1
cpu cores	: 4
apicid		: 5
initial apicid	: 5
fpu		: yes
fpu_exception	: yes
cpuid level	: 13
wp		: yes
flags		: fpu vme de pse tsc msr pae mce cx8 apic sep mtrr pge mca cmov pat pse36 clflush mmx fxsr sse sse2 ss ht syscall nx pdpe1gb rdtscp lm constant_tsc arch_perfmon nopl xtopology tsc_reliable nonstop_tsc cpuid pni pclmulqdq ssse3 fma cx16 pcid sse4_1 sse4_2 x2apic movbe popcnt tsc_deadline_timer aes xsave avx f16c rdrand hypervisor lahf_lm abm cpuid_fault invpcid_single pti ibrs ibpb stibp fsgsbase tsc_adjust bmi1 avx2 smep bmi2 invpcid xsaveopt arat arch_capabilities
bugs		: cpu_meltdown spectre_v1 spectre_v2 spec_store_bypass l1tf
bogomips	: 5187.99
clflush size	: 64
cache_alignment	: 64
address sizes	: 43 bits physical, 48 bits virtual
power management:

processor	: 6
vendor_id	: GenuineIntel
cpu family	: 6
model		: 60
model name	: Intel(R) Core(TM) i7-4720HQ CPU @ 2.60GHz
stepping	: 3
microcode	: 0x24
cpu MHz		: 2593.996
cache size	: 6144 KB
physical id	: 1
siblings	: 4
core id		: 2
cpu cores	: 4
apicid		: 6
initial apicid	: 6
fpu		: yes
fpu_exception	: yes
cpuid level	: 13
wp		: yes
flags		: fpu vme de pse tsc msr pae mce cx8 apic sep mtrr pge mca cmov pat pse36 clflush mmx fxsr sse sse2 ss ht syscall nx pdpe1gb rdtscp lm constant_tsc arch_perfmon nopl xtopology tsc_reliable nonstop_tsc cpuid pni pclmulqdq ssse3 fma cx16 pcid sse4_1 sse4_2 x2apic movbe popcnt tsc_deadline_timer aes xsave avx f16c rdrand hypervisor lahf_lm abm cpuid_fault invpcid_single pti ibrs ibpb stibp fsgsbase tsc_adjust bmi1 avx2 smep bmi2 invpcid xsaveopt arat arch_capabilities
bugs		: cpu_meltdown spectre_v1 spectre_v2 spec_store_bypass l1tf
bogomips	: 5187.99
clflush size	: 64
cache_alignment	: 64
address sizes	: 43 bits physical, 48 bits virtual
power management:

processor	: 7
vendor_id	: GenuineIntel
cpu family	: 6
model		: 60
model name	: Intel(R) Core(TM) i7-4720HQ CPU @ 2.60GHz
stepping	: 3
microcode	: 0x24
cpu MHz		: 2593.996
cache size	: 6144 KB
physical id	: 1
siblings	: 4
core id		: 3
cpu cores	: 4
apicid		: 7
initial apicid	: 7
fpu		: yes
fpu_exception	: yes
cpuid level	: 13
wp		: yes
flags		: fpu vme de pse tsc msr pae mce cx8 apic sep mtrr pge mca cmov pat pse36 clflush mmx fxsr sse sse2 ss ht syscall nx pdpe1gb rdtscp lm constant_tsc arch_perfmon nopl xtopology tsc_reliable nonstop_tsc cpuid pni pclmulqdq ssse3 fma cx16 pcid sse4_1 sse4_2 x2apic movbe popcnt tsc_deadline_timer aes xsave avx f16c rdrand hypervisor lahf_lm abm cpuid_fault invpcid_single pti ibrs ibpb stibp fsgsbase tsc_adjust bmi1 avx2 smep bmi2 invpcid xsaveopt arat arch_capabilities
bugs		: cpu_meltdown spectre_v1 spectre_v2 spec_store_bypass l1tf
bogomips	: 5187.99
clflush size	: 64
cache_alignment	: 64
address sizes	: 43 bits physical, 48 bits virtual
power management:



Memory: 4k page, physical 4015664k(112960k free), swap 1046524k(0k free)

vm_info: Java HotSpot(TM) 64-Bit Server VM (25.191-b12) for linux-amd64 JRE (1.8.0_191-b12), built on Oct  6 2018 05:43:09 by "java_re" with gcc 7.3.0

time: Mon Nov 12 19:10:16 2018
elapsed time: 5 seconds (0d 0h 0m 5s)

